Android-Attendance-App-2024/app/build/intermediates/manifest_merge_blame_file/debug/manifest-merger-blame-debug-report.txt
1<?xml version="1.0" encoding="utf-8"?>
2<manifest xmlns:android="http://schemas.android.com/apk/res/android"
3    package="com.example.androidattendancesystem"
4    android:versionCode="1"
5    android:versionName="1.0" >
6
7    <uses-sdk
8        android:minSdkVersion="23"
9        android:targetSdkVersion="33" />
10
11    <uses-permission android:name="android.permission.INTERNET" />
11-->[com.google.android.gms:play-services-measurement-api:21.6.2] AndroidManifest.xml:22:5-67
11-->[com.google.android.gms:play-services-measurement-api:21.6.2] AndroidManifest.xml:22:22-64
12    <uses-permission android:name="android.permission.ACCESS_NETWORK_STATE" />
12-->[com.google.android.gms:play-services-measurement-api:21.6.2] AndroidManifest.xml:23:5-79
12-->[com.google.android.gms:play-services-measurement-api:21.6.2] AndroidManifest.xml:23:22-76
13    <uses-permission android:name="android.permission.WAKE_LOCK" />
13-->[com.google.android.gms:play-services-measurement-api:21.6.2] AndroidManifest.xml:24:5-68
13-->[com.google.android.gms:play-services-measurement-api:21.6.2] AndroidManifest.xml:24:22-65
14    <uses-permission android:name="com.google.android.gms.permission.AD_ID" />
14-->[com.google.android.gms:play-services-measurement-api:21.6.2] AndroidManifest.xml:25:5-79
14-->[com.google.android.gms:play-services-measurement-api:21.6.2] AndroidManifest.xml:25:22-76
15    <uses-permission android:name="android.permission.ACCESS_ADSERVICES_ATTRIBUTION" />
15-->[com.google.android.gms:play-services-measurement-api:21.6.2] AndroidManifest.xml:26:5-88
15-->[com.google.android.gms:play-services-measurement-api:21.6.2] AndroidManifest.xml:26:22-85
16    <uses-permission android:name="android.permission.ACCESS_ADSERVICES_AD_ID" />
16-->[com.google.android.gms:play-services-measurement-api:21.6.2] AndroidManifest.xml:27:5-82
16-->[com.google.android.gms:play-services-measurement-api:21.6.2] AndroidManifest.xml:27:22-79
17    <uses-permission android:name="com.google.android.finsky.permission.BIND_GET_INSTALL_REFERRER_SERVICE" />
17-->[com.google.android.gms:play-services-measurement:21.6.2] AndroidManifest.xml:26:5-110
17-->[com.google.android.gms:play-services-measurement:21.6.2] AndroidManifest.xml:26:22-107
18
19    <permission
19-->[androidx.core:core:1.9.0] AndroidManifest.xml:22:5-24:47
20        android:name="com.example.androidattendancesystem.DYNAMIC_RECEIVER_NOT_EXPORTED_PERMISSION"
20-->[androidx.core:core:1.9.0] AndroidManifest.xml:23:9-81
21        android:protectionLevel="signature" />
21-->[androidx.core:core:1.9.0] AndroidManifest.xml:24:9-44
22
23    <uses-permission android:name="com.example.androidattendancesystem.DYNAMIC_RECEIVER_NOT_EXPORTED_PERMISSION" />
23-->[androidx.core:core:1.9.0] AndroidManifest.xml:26:5-97
23-->[androidx.core:core:1.9.0] AndroidManifest.xml:26:22-94
24
25    <application
25-->src\main\AndroidManifest.xml:6:5-71:19
26        android:name="com.android.attendance.context.ApplicationContext"
26-->src\main\AndroidManifest.xml:7:10-74
27        android:allowBackup="true"
27-->src\main\AndroidManifest.xml:8:9-35
28        android:appComponentFactory="androidx.core.app.CoreComponentFactory"
28-->[androidx.core:core:1.9.0] AndroidManifest.xml:28:18-86
29        android:debuggable="true"
30        android:extractNativeLibs="false"
31        android:icon="@drawable/ic_launcher"
31-->src\main\AndroidManifest.xml:9:9-45
32        android:label="@string/app_name"
32-->src\main\AndroidManifest.xml:10:9-41
33        android:testOnly="true"
34        android:theme="@style/AppTheme" >
34-->src\main\AndroidManifest.xml:11:9-40
35        <activity
35-->src\main\AndroidManifest.xml:12:9-21:20
36            android:name="com.android.attendance.activity.MainActivity"
36-->src\main\AndroidManifest.xml:13:13-72
37            android:exported="true"
37-->src\main\AndroidManifest.xml:14:13-36
38            android:label="@string/app_name" >
38-->src\main\AndroidManifest.xml:15:13-45
39            <intent-filter>
39-->src\main\AndroidManifest.xml:16:13-20:29
40                <action android:name="android.intent.action.MAIN" />
40-->src\main\AndroidManifest.xml:17:17-69
40-->src\main\AndroidManifest.xml:17:25-66
41
42                <category android:name="android.intent.category.LAUNCHER" />
42-->src\main\AndroidManifest.xml:19:17-77
42-->src\main\AndroidManifest.xml:19:27-74
43            </intent-filter>
44        </activity>
45        <activity
45-->src\main\AndroidManifest.xml:22:10-25:20
46            android:name="com.android.attendance.activity.LoginActivity"
46-->src\main\AndroidManifest.xml:23:13-73
47            android:label="@string/app_name" >
47-->src\main\AndroidManifest.xml:24:13-45
48        </activity>
49        <activity
49-->src\main\AndroidManifest.xml:26:10-29:20
50            android:name="com.android.attendance.activity.MenuActivity"
50-->src\main\AndroidManifest.xml:27:13-72
51            android:label="@string/app_name" >
51-->src\main\AndroidManifest.xml:28:13-45
52        </activity>
53        <activity
53-->src\main\AndroidManifest.xml:30:10-33:20
54            android:name="com.android.attendance.activity.AddFacultyActivity"
54-->src\main\AndroidManifest.xml:31:13-78
55            android:label="@string/app_name" >
55-->src\main\AndroidManifest.xml:32:13-45
56        </activity>
57        <activity
57-->src\main\AndroidManifest.xml:34:9-37:20
58            android:name="com.android.attendance.activity.AddStudentActivity"
58-->src\main\AndroidManifest.xml:35:13-78
59            android:label="@string/app_name" >
59-->src\main\AndroidManifest.xml:36:13-45
60        </activity>
61        <activity
61-->src\main\AndroidManifest.xml:38:9-41:20
62            android:name="com.android.attendance.activity.ViewFacultyActivity"
62-->src\main\AndroidManifest.xml:39:13-79
63            android:label="@string/app_name" >
63-->src\main\AndroidManifest.xml:40:13-45
64        </activity>
65        <activity
65-->src\main\AndroidManifest.xml:42:9-45:20
66            android:name="com.android.attendance.activity.ViewStudentActivity"
66-->src\main\AndroidManifest.xml:43:13-79
67            android:label="@string/app_name" >
67-->src\main\AndroidManifest.xml:44:13-45
68        </activity>
69        <activity
69-->src\main\AndroidManifest.xml:46:9-49:20
70            android:name="com.android.attendance.activity.TestActivity"
70-->src\main\AndroidManifest.xml:47:13-72
71            android:label="@string/app_name" >
71-->src\main\AndroidManifest.xml:48:13-45
72        </activity>
73        <activity
73-->src\main\AndroidManifest.xml:50:10-53:20
74            android:name="com.android.attendance.activity.ViewStudentByBranchYear"
74-->src\main\AndroidManifest.xml:51:13-83
75            android:label="@string/app_name" >
75-->src\main\AndroidManifest.xml:52:13-45
76        </activity>
77        <activity
77-->src\main\AndroidManifest.xml:54:11-57:20
78            android:name="com.android.attendance.activity.AddAttandanceSessionActivity"
78-->src\main\AndroidManifest.xml:55:13-88
79            android:label="@string/app_name" >
79-->src\main\AndroidManifest.xml:56:13-45
80        </activity>
81        <activity
81-->src\main\AndroidManifest.xml:58:10-61:20
82            android:name="com.android.attendance.activity.AddAttendanceActivity"
82-->src\main\AndroidManifest.xml:59:13-81
83            android:label="@string/app_name" >
83-->src\main\AndroidManifest.xml:60:13-45
84        </activity>
85        <activity
85-->src\main\AndroidManifest.xml:62:10-65:20
86            android:name="com.android.attendance.activity.ViewAttendanceByFacultyActivity"
86-->src\main\AndroidManifest.xml:63:13-91
87            android:label="@string/app_name" >
87-->src\main\AndroidManifest.xml:64:13-45
88        </activity>
89        <activity
89-->src\main\AndroidManifest.xml:66:10-69:20
90            android:name="com.android.attendance.activity.ViewAttendancePerStudentActivity"
90-->src\main\AndroidManifest.xml:67:13-92
91            android:label="@string/app_name" >
91-->src\main\AndroidManifest.xml:68:13-45
92        </activity>
93
94        <property
94-->[com.google.android.gms:play-services-measurement-api:21.6.2] AndroidManifest.xml:30:9-32:61
95            android:name="android.adservices.AD_SERVICES_CONFIG"
95-->[com.google.android.gms:play-services-measurement-api:21.6.2] AndroidManifest.xml:31:13-65
96            android:resource="@xml/ga_ad_services_config" />
96-->[com.google.android.gms:play-services-measurement-api:21.6.2] AndroidManifest.xml:32:13-58
97
98        <service
98-->[com.google.android.gms:play-services-measurement-api:21.6.2] AndroidManifest.xml:34:9-40:19
99            android:name="com.google.firebase.components.ComponentDiscoveryService"
99-->[com.google.android.gms:play-services-measurement-api:21.6.2] AndroidManifest.xml:35:13-84
100            android:directBootAware="true"
100-->[com.google.firebase:firebase-common:20.4.3] AndroidManifest.xml:32:13-43
101            android:exported="false" >
101-->[com.google.android.gms:play-services-measurement-api:21.6.2] AndroidManifest.xml:36:13-37
102            <meta-data
102-->[com.google.android.gms:play-services-measurement-api:21.6.2] AndroidManifest.xml:37:13-39:85
103                android:name="com.google.firebase.components:com.google.firebase.analytics.connector.internal.AnalyticsConnectorRegistrar"
103-->[com.google.android.gms:play-services-measurement-api:21.6.2] AndroidManifest.xml:38:17-139
104                android:value="com.google.firebase.components.ComponentRegistrar" />
104-->[com.google.android.gms:play-services-measurement-api:21.6.2] AndroidManifest.xml:39:17-82
105            <meta-data
105-->[com.google.firebase:firebase-installations:17.2.0] AndroidManifest.xml:15:13-17:85
106                android:name="com.google.firebase.components:com.google.firebase.installations.FirebaseInstallationsKtxRegistrar"
106-->[com.google.firebase:firebase-installations:17.2.0] AndroidManifest.xml:16:17-130
107                android:value="com.google.firebase.components.ComponentRegistrar" />
107-->[com.google.firebase:firebase-installations:17.2.0] AndroidManifest.xml:17:17-82
108            <meta-data
108-->[com.google.firebase:firebase-installations:17.2.0] AndroidManifest.xml:18:13-20:85
109                android:name="com.google.firebase.components:com.google.firebase.installations.FirebaseInstallationsRegistrar"
109-->[com.google.firebase:firebase-installations:17.2.0] AndroidManifest.xml:19:17-127
110                android:value="com.google.firebase.components.ComponentRegistrar" />
110-->[com.google.firebase:firebase-installations:17.2.0] AndroidManifest.xml:20:17-82
111            <meta-data
111-->[com.google.firebase:firebase-common-ktx:20.4.3] AndroidManifest.xml:12:13-14:85
112                android:name="com.google.firebase.components:com.google.firebase.ktx.FirebaseCommonLegacyRegistrar"
112-->[com.google.firebase:firebase-common-ktx:20.4.3] AndroidManifest.xml:13:17-116
113                android:value="com.google.firebase.components.ComponentRegistrar" />
113-->[com.google.firebase:firebase-common-ktx:20.4.3] AndroidManifest.xml:14:17-82
114            <meta-data
114-->[com.google.firebase:firebase-common:20.4.3] AndroidManifest.xml:35:13-37:85
115                android:name="com.google.firebase.components:com.google.firebase.FirebaseCommonKtxRegistrar"
115-->[com.google.firebase:firebase-common:20.4.3] AndroidManifest.xml:36:17-109
116                android:value="com.google.firebase.components.ComponentRegistrar" />
116-->[com.google.firebase:firebase-common:20.4.3] AndroidManifest.xml:37:17-82
117        </service>
118
119        <provider
119-->[com.google.firebase:firebase-common:20.4.3] AndroidManifest.xml:23:9-28:39
120            android:name="com.google.firebase.provider.FirebaseInitProvider"
120-->[com.google.firebase:firebase-common:20.4.3] AndroidManifest.xml:24:13-77
121            android:authorities="com.example.androidattendancesystem.firebaseinitprovider"
121-->[com.google.firebase:firebase-common:20.4.3] AndroidManifest.xml:25:13-72
122            android:directBootAware="true"
122-->[com.google.firebase:firebase-common:20.4.3] AndroidManifest.xml:26:13-43
123            android:exported="false"
123-->[com.google.firebase:firebase-common:20.4.3] AndroidManifest.xml:27:13-37
124            android:initOrder="100" />
124-->[com.google.firebase:firebase-common:20.4.3] AndroidManifest.xml:28:13-36
125
126        <receiver
126-->[com.google.android.gms:play-services-measurement:21.6.2] AndroidManifest.xml:29:9-33:20
127            android:name="com.google.android.gms.measurement.AppMeasurementReceiver"
127-->[com.google.android.gms:play-services-measurement:21.6.2] AndroidManifest.xml:30:13-85
128            android:enabled="true"
128-->[com.google.android.gms:play-services-measurement:21.6.2] AndroidManifest.xml:31:13-35
129            android:exported="false" >
129-->[com.google.android.gms:play-services-measurement:21.6.2] AndroidManifest.xml:32:13-37
130        </receiver>
131
132        <service
132-->[com.google.android.gms:play-services-measurement:21.6.2] AndroidManifest.xml:35:9-38:40
133            android:name="com.google.android.gms.measurement.AppMeasurementService"
133-->[com.google.android.gms:play-services-measurement:21.6.2] AndroidManifest.xml:36:13-84
134            android:enabled="true"
134-->[com.google.android.gms:play-services-measurement:21.6.2] AndroidManifest.xml:37:13-35
135            android:exported="false" />
135-->[com.google.android.gms:play-services-measurement:21.6.2] AndroidManifest.xml:38:13-37
136        <service
136-->[com.google.android.gms:play-services-measurement:21.6.2] AndroidManifest.xml:39:9-43:72
137            android:name="com.google.android.gms.measurement.AppMeasurementJobService"
137-->[com.google.android.gms:play-services-measurement:21.6.2] AndroidManifest.xml:40:13-87
138            android:enabled="true"
138-->[com.google.android.gms:play-services-measurement:21.6.2] AndroidManifest.xml:41:13-35
139            android:exported="false"
139-->[com.google.android.gms:play-services-measurement:21.6.2] AndroidManifest.xml:42:13-37
140            android:permission="android.permission.BIND_JOB_SERVICE" />
140-->[com.google.android.gms:play-services-measurement:21.6.2] AndroidManifest.xml:43:13-69
141
142        <uses-library
142-->[androidx.privacysandbox.ads:ads-adservices:1.0.0-beta05] AndroidManifest.xml:23:9-25:40
143            android:name="android.ext.adservices"
143-->[androidx.privacysandbox.ads:ads-adservices:1.0.0-beta05] AndroidManifest.xml:24:13-50
144            android:required="false" />
144-->[androidx.privacysandbox.ads:ads-adservices:1.0.0-beta05] AndroidManifest.xml:25:13-37
145
146        <meta-data
146-->[com.google.android.gms:play-services-basement:18.3.0] AndroidManifest.xml:21:9-23:69
147            android:name="com.google.android.gms.version"
147-->[com.google.android.gms:play-services-basement:18.3.0] AndroidManifest.xml:22:13-58
148            android:value="@integer/google_play_services_version" />
148-->[com.google.android.gms:play-services-basement:18.3.0] AndroidManifest.xml:23:13-66
149    </application>
150
151</manifest>